<?xml version="1.0" encoding="UTF-8"?>
<testsuite name="correo_electronico_gmail.story" tests="1" skipped="0" failures="0" errors="0" timestamp="2017-11-10T19:28:37" hostname="PQVSQ02732" time="56.754">
  <properties/>
  <testcase name="classMethod" classname="correo_electronico_gmail.story" time="56.754"/>
  <system-out><![CDATA[Using timeout for story correo_electronico_gmail.story of 300 secs.

(stories.correoelectronico.correoelectronico/correo_electronico_gmail.story)
]]></system-out>
  <system-err><![CDATA[]]></system-err>
</testsuite>
