<?xml version="1.0" encoding="UTF-8"?>
<testsuite name="correo_electronico_gmail.story" tests="1" skipped="0" failures="0" errors="0" timestamp="2017-11-11T03:54:39" hostname="PQVSQ02732" time="54.625">
  <properties/>
  <testcase name="classMethod" classname="correo_electronico_gmail.story" time="54.625"/>
  <system-out><![CDATA[Scenario: ingreso a correo electronico de gmail
]]></system-out>
  <system-err><![CDATA[]]></system-err>
</testsuite>
