<?xml version="1.0" encoding="UTF-8"?>
<testsuite name="com.test.correoelectronico.definitions.CorreoElectronicoGmailDefinitions" tests="6" skipped="0" failures="0" errors="0" timestamp="2017-11-11T03:54:39" hostname="PQVSQ02732" time="54.453">
  <properties/>
  <testcase name="Given puedo ingresar a gmail" classname="com.test.correoelectronico.definitions.CorreoElectronicoGmailDefinitions" time="11.13"/>
  <testcase name="And puedo ingresar a mi correo electronico de gmail con la siguiente informacion:, " classname="com.test.correoelectronico.definitions.CorreoElectronicoGmailDefinitions" time="9.976"/>
  <testcase name="And puedo enviar un mensaje de correo electronico a un usuario con los siguientes datos:, " classname="com.test.correoelectronico.definitions.CorreoElectronicoGmailDefinitions" time="7.619"/>
  <testcase name="When quiera acceder a la cuenta de correo electronico del usuario destinatario" classname="com.test.correoelectronico.definitions.CorreoElectronicoGmailDefinitions" time="7.195"/>
  <testcase name="And ingrese al correo electronico al cual envie el mensaje con los siguientes datos:, " classname="com.test.correoelectronico.definitions.CorreoElectronicoGmailDefinitions" time="9.239"/>
  <testcase name="Then debo poder visualizar la informacion que se me ha enviado junto con el usuario que me la envio:, " classname="com.test.correoelectronico.definitions.CorreoElectronicoGmailDefinitions" time="9.294"/>
  <system-out><![CDATA[Given puedo ingresar a gmail
And puedo ingresar a mi correo electronico de gmail con la siguiente informacion:
|correoElectronicoONumeroTelefonico|contrasenia|
|taniagrajalesalzate@gmail.com|)%=#!%_taniaa|

And puedo enviar un mensaje de correo electronico a un usuario con los siguientes datos:
|para|asunto|mensaje|
|carlitoslop9876@gmail.com|Prueba Correo15|Hola Carlos esta es una prueba de correo electronico|

When quiera acceder a la cuenta de correo electronico del usuario destinatario
And ingrese al correo electronico al cual envie el mensaje con los siguientes datos:
|correoElectronicoONumeroTelefonico|contrasenia|
|carlitoslop9876@gmail.com|carlosgrisales|

Then debo poder visualizar la informacion que se me ha enviado junto con el usuario que me la envio:
|correoElectronicoONumeroTelefonico|asunto|mensaje|
|taniagrajalesalzate@gmail.com|Prueba Correo|Hola Carlos esta es una prueba de correo electronico|

]]></system-out>
  <system-err><![CDATA[Starting ChromeDriver 2.29.461591 (62ebf098771772160f391d75e589dc567915b233) on port 4888
Only local connections are allowed.
log4j:WARN No appenders could be found for logger (org.apache.http.client.protocol.RequestAddCookies).
log4j:WARN Please initialize the log4j system properly.
]]></system-err>
</testsuite>
