<?xml version="1.0" encoding="UTF-8"?>
<testsuite name="com.test.correoelectronico.CorreoElectronicoGmail" tests="0" skipped="0" failures="0" errors="0" timestamp="1970-01-01T00:00:00" hostname="PQVSQ02732" time="0.0">
  <properties/>
  <system-out><![CDATA[Processing system properties {}
Using controls EmbedderControls[batch=false,skip=false,generateViewAfterStories=true,ignoreFailureInStories=false,ignoreFailureInView=true,verboseFailures=false,verboseFiltering=false,storyTimeouts=300,threads=1,failOnStoryTimeout=false]

(BeforeStories)
Running story stories.correoelectronico.correoelectronico/correo_electronico_gmail.story
Using timeout for story correo_electronico_gmail.story of 300 secs.

(stories.correoelectronico.correoelectronico/correo_electronico_gmail.story)




(AfterStories)
Generating reports view to 'C:\Users\tanigral\Documents\AutomatizacionCorreoElectronicoGmail\build\classes\java\jbehave' using formats '[stats, console, html, xml, serenityreporter, junitscenarioreporter]' and view properties '{decorateNonHtml=true}'
Reports view generated with 2 stories (of which 0 pending) containing 1 scenarios (of which 0 pending)
]]></system-out>
  <system-err><![CDATA[SLF4J: Failed to load class "org.slf4j.impl.StaticLoggerBinder".
SLF4J: Defaulting to no-operation (NOP) logger implementation
SLF4J: See http://www.slf4j.org/codes.html#StaticLoggerBinder for further details.
]]></system-err>
</testsuite>
